MOVE -52.6069 -48.2928 52.7478 -68.3477 -43.1413 77.7616
FIREMOVE -32.4801 -27.3289 104.9291 -34.6019 -39.7531 132.1529
MOVE -43.0773 -62.3314 46.2945 -45.1990 -74.7556 73.5183
FIREMOVE -87.1021 -101.6837 45.0512 -114.1440 -99.5625 57.8668
MOVE -63.6015 -54.3886 36.5716 -90.6433 -52.2674 49.3872
FIREMOVE -21.7761 38.8440 43.8128 -45.3060 28.2380 59.1051
MOVE -55.3171 5.3030 77.3539 -78.8470 -5.3030 92.6461
MOVE -88.8581 -28.2380 43.8128 -112.3880 -38.8440 59.1051
MOVE -62.1632 -48.3153 35.9374 -85.6931 -58.9214 51.2297
FIREMOVE -51.7032 -52.1153 45.0074 -75.2331 -62.7214 60.2997
FIREMOVE 119.0000 130.5900 84.8500 119.0000 160.5900 84.8500
FIREMOVE 123.9300 132.3301 83.3100 123.9300 162.3301 83.3100
FIREMOVE 226.3432 23.3895 -8.5065 243.2311 43.6925 -22.7397
MOVE 128.0026 121.1645 68.9275 144.8905 141.4676 54.6943
FIREMOVE 130.1700 125.1038 86.6502 145.5302 150.2553 81.0407
FIREMOVE 118.9583 115.9815 66.0957 123.7114 126.5876 38.4385
FIREMOVE 115.5561 111.0430 68.3965 100.3944 111.9521 42.5257
FIREMOVE -27.7242 19.7531 50.4301 -39.3579 47.3289 52.4879
MOVE -61.2652 53.2942 83.9711 -72.8989 80.8699 86.0289
MOVE -27.7242 86.8352 117.5121 -39.3579 114.4109 119.5699
MOVE 110.4210 129.2761 87.1530 98.7873 156.8518 89.2108
FIREMOVE 33.1720 153.3112 47.2544 33.9100 182.0990 55.6635
MOVE 111.3930 133.7981 73.3015 112.1310 162.5860 81.7107
FIRE